[2023-10-07 22:05:02,144: INFO: main: Custom log]
[2023-10-08 03:39:53,925: INFO: common: yaml file: config/config.yaml loaded successfully]
[2023-10-08 03:39:53,929: INFO: common: yaml file: params.yaml loaded successfully]
[2023-10-08 03:40:23,439: INFO: common: yaml file: config/config.yaml loaded successfully]
[2023-10-08 03:40:23,441: INFO: common: yaml file: params.yaml loaded successfully]
[2023-10-08 03:40:23,442: INFO: common: created directory at: artifact]
[2023-10-08 03:40:23,444: INFO: common: created directory at: artifact/data_ingestion]
[2023-10-08 03:40:23,445: INFO: 1731476376: Downloading data from https://drive.google.com/file/d/1-3ah3hjSoptjhsfE0FHUkGHdLdGvdLkb/view?usp=sharing into file artifact/data_ingestion/data.zip]
[2023-10-08 03:40:45,945: INFO: 1731476376: Downloading data from https://drive.google.com/file/d/1-3ah3hjSoptjhsfE0FHUkGHdLdGvdLkb/view?usp=sharing into file artifact/data_ingestion/data.zip]
[2023-10-08 03:42:45,842: INFO: common: yaml file: config/config.yaml loaded successfully]
[2023-10-08 03:42:45,844: INFO: common: yaml file: params.yaml loaded successfully]
[2023-10-08 03:42:45,845: INFO: common: created directory at: artifacts]
[2023-10-08 03:42:45,846: INFO: common: created directory at: artifacts/data_ingestion]
[2023-10-08 03:42:45,847: INFO: 1731476376: Downloading data from https://drive.google.com/file/d/1-3ah3hjSoptjhsfE0FHUkGHdLdGvdLkb/view?usp=sharing into file artifacts/data_ingestion/data.zip]
[2023-10-08 03:43:09,582: INFO: 1731476376: Downloading data from https://drive.google.com/file/d/1-3ah3hjSoptjhsfE0FHUkGHdLdGvdLkb/view?usp=sharing into file artifacts/data_ingestion/data.zip]
[2023-10-08 04:01:02,142: INFO: main: >>>>>> stage Data_Ingestion_stage started <<<<<<]
[2023-10-08 04:01:02,144: INFO: common: yaml file: config/config.yaml loaded successfully]
[2023-10-08 04:01:02,145: INFO: common: yaml file: params.yaml loaded successfully]
[2023-10-08 04:01:02,145: INFO: common: created directory at: artifacts]
[2023-10-08 04:01:02,145: INFO: common: created directory at: artifacts/data_ingestion]
[2023-10-08 04:01:02,146: INFO: data_ingestion: Downloading data from https://drive.google.com/file/d/1-3ah3hjSoptjhsfE0FHUkGHdLdGvdLkb/view?usp=sharing into file artifacts/data_ingestion/data.zip]
[2023-10-08 04:01:27,048: INFO: data_ingestion: Downloading data from https://drive.google.com/file/d/1-3ah3hjSoptjhsfE0FHUkGHdLdGvdLkb/view?usp=sharing into file artifacts/data_ingestion/data.zip]
[2023-10-08 04:01:28,464: INFO: main: >>>>>> stage Data_Ingestion_stage started <<<<<<

x=============x]
[2023-10-08 04:02:09,929: INFO: main: >>>>>> stage Data_Ingestion_stage started <<<<<<]
[2023-10-08 04:02:09,931: INFO: common: yaml file: config/config.yaml loaded successfully]
[2023-10-08 04:02:09,932: INFO: common: yaml file: params.yaml loaded successfully]
[2023-10-08 04:02:09,933: INFO: common: created directory at: artifacts]
[2023-10-08 04:02:09,933: INFO: common: created directory at: artifacts/data_ingestion]
[2023-10-08 04:02:09,933: INFO: data_ingestion: Downloading data from https://drive.google.com/file/d/1-3ah3hjSoptjhsfE0FHUkGHdLdGvdLkb/view?usp=sharing into file artifacts/data_ingestion/data.zip]
[2023-10-08 04:02:30,303: INFO: data_ingestion: Downloading data from https://drive.google.com/file/d/1-3ah3hjSoptjhsfE0FHUkGHdLdGvdLkb/view?usp=sharing into file artifacts/data_ingestion/data.zip]
[2023-10-08 04:02:31,661: INFO: main: >>>>>> stage Data_Ingestion_stage completed <<<<<<

x=============x]
[2023-10-08 16:11:17,327: INFO: common: yaml file: config/config.yaml loaded successfully]
[2023-10-08 16:11:17,334: INFO: common: yaml file: params.yaml loaded successfully]
[2023-10-08 16:11:17,337: INFO: common: created directory at: artifacts]
[2023-10-08 16:11:17,339: INFO: common: created directory at: artifacts/prepare_base_model]
[2023-10-08 16:11:33,726: INFO: common: yaml file: config/config.yaml loaded successfully]
[2023-10-08 16:11:33,730: INFO: common: yaml file: params.yaml loaded successfully]
[2023-10-08 16:11:33,731: INFO: common: created directory at: artifacts]
[2023-10-08 16:11:33,733: INFO: common: created directory at: artifacts/prepare_base_model]
[2023-10-08 16:14:56,827: INFO: common: yaml file: config/config.yaml loaded successfully]
[2023-10-08 16:14:56,830: INFO: common: yaml file: params.yaml loaded successfully]
[2023-10-08 16:14:56,831: INFO: common: created directory at: artifacts]
[2023-10-08 16:14:56,833: INFO: common: created directory at: artifacts/prepare_base_model]
[2023-10-08 16:15:14,041: WARNING: saving_utils: Compiled the loaded model, but the compiled metrics have yet to be built. `model.compile_metrics` will be empty until you train or evaluate the model.]
[2023-10-08 16:24:00,667: INFO: common: yaml file: config/config.yaml loaded successfully]
[2023-10-08 16:24:00,671: INFO: common: yaml file: params.yaml loaded successfully]
[2023-10-08 16:24:00,672: INFO: common: created directory at: artifacts]
[2023-10-08 16:24:00,673: INFO: common: created directory at: artifacts/prepare_base_model]
[2023-10-08 16:24:01,184: WARNING: saving_utils: Compiled the loaded model, but the compiled metrics have yet to be built. `model.compile_metrics` will be empty until you train or evaluate the model.]
[2023-10-08 17:06:23,643: INFO: common: yaml file: config/config.yaml loaded successfully]
[2023-10-08 17:06:23,646: INFO: common: yaml file: params.yaml loaded successfully]
[2023-10-08 17:06:23,648: INFO: common: created directory at: artifacts]
[2023-10-08 17:06:23,649: INFO: common: created directory at: artifacts/prepare_base_model]
[2023-10-08 17:06:24,158: WARNING: saving_utils: Compiled the loaded model, but the compiled metrics have yet to be built. `model.compile_metrics` will be empty until you train or evaluate the model.]
[2023-10-08 17:06:45,650: INFO: common: yaml file: config/config.yaml loaded successfully]
[2023-10-08 17:06:45,653: INFO: common: yaml file: params.yaml loaded successfully]
[2023-10-08 17:06:45,655: INFO: common: created directory at: artifacts]
[2023-10-08 17:06:45,656: INFO: common: created directory at: artifacts/prepare_base_model]
[2023-10-08 17:06:46,120: WARNING: saving_utils: Compiled the loaded model, but the compiled metrics have yet to be built. `model.compile_metrics` will be empty until you train or evaluate the model.]
[2023-10-08 17:06:54,180: INFO: common: yaml file: config/config.yaml loaded successfully]
[2023-10-08 17:06:54,184: INFO: common: yaml file: params.yaml loaded successfully]
[2023-10-08 17:06:54,186: INFO: common: created directory at: artifacts]
[2023-10-08 17:06:54,188: INFO: common: created directory at: artifacts/prepare_base_model]
[2023-10-08 17:06:54,613: WARNING: saving_utils: Compiled the loaded model, but the compiled metrics have yet to be built. `model.compile_metrics` will be empty until you train or evaluate the model.]
[2023-10-08 17:19:33,430: INFO: common: yaml file: config/config.yaml loaded successfully]
[2023-10-08 17:19:33,433: INFO: common: yaml file: params.yaml loaded successfully]
[2023-10-08 17:19:33,435: INFO: common: created directory at: artifacts]
[2023-10-08 17:19:33,436: INFO: common: created directory at: artifacts/prepare_base_model]
[2023-10-08 17:19:33,926: WARNING: saving_utils: Compiled the loaded model, but the compiled metrics have yet to be built. `model.compile_metrics` will be empty until you train or evaluate the model.]
[2023-10-08 17:22:04,013: INFO: common: yaml file: config/config.yaml loaded successfully]
[2023-10-08 17:22:04,017: INFO: common: yaml file: params.yaml loaded successfully]
[2023-10-08 17:22:04,019: INFO: common: created directory at: artifacts]
[2023-10-08 17:22:04,020: INFO: common: created directory at: artifacts/prepare_base_model]
[2023-10-08 17:22:04,526: WARNING: saving_utils: Compiled the loaded model, but the compiled metrics have yet to be built. `model.compile_metrics` will be empty until you train or evaluate the model.]
[2023-10-08 17:27:46,490: INFO: main: >>>>>> stage Data_Ingestion_stage started <<<<<<]
[2023-10-08 17:27:46,493: INFO: common: yaml file: config/config.yaml loaded successfully]
[2023-10-08 17:27:46,496: INFO: common: yaml file: params.yaml loaded successfully]
[2023-10-08 17:27:46,496: INFO: common: created directory at: artifacts]
[2023-10-08 17:27:46,497: INFO: common: created directory at: artifacts/data_ingestion]
[2023-10-08 17:27:46,498: INFO: data_ingestion: Downloading data from https://drive.google.com/file/d/1-3ah3hjSoptjhsfE0FHUkGHdLdGvdLkb/view?usp=sharing into file artifacts/data_ingestion/data.zip]
[2023-10-08 17:27:55,373: INFO: data_ingestion: Downloading data from https://drive.google.com/file/d/1-3ah3hjSoptjhsfE0FHUkGHdLdGvdLkb/view?usp=sharing into file artifacts/data_ingestion/data.zip]
[2023-10-08 17:27:56,734: INFO: main: >>>>>> stage Data_Ingestion_stage completed <<<<<<

x=============x]
[2023-10-08 17:27:56,734: INFO: main: >>>>>> stage Novel base model started <<<<<<]
[2023-10-08 17:27:56,738: INFO: common: yaml file: config/config.yaml loaded successfully]
[2023-10-08 17:27:56,741: INFO: common: yaml file: params.yaml loaded successfully]
[2023-10-08 17:27:56,741: INFO: common: created directory at: artifacts]
[2023-10-08 17:27:56,742: ERROR: main: 'ConfigurationManager' object has no attribute 'get_novel_base_model_config']
Traceback (most recent call last):
  File "/Users/slackroo/Data_science/GitHub/kidney_disease_classification_deeplearning/main.py", line 20, in <module>
    obj.main()
  File "/Users/slackroo/Data_science/GitHub/kidney_disease_classification_deeplearning/src/CNN_Classifier/pipeline/stage_02_novel_base_model.py", line 13, in main
    novel_base_model_config = config.get_novel_base_model_config()
AttributeError: 'ConfigurationManager' object has no attribute 'get_novel_base_model_config'
[2023-10-08 17:30:21,833: INFO: main: >>>>>> stage Data_Ingestion_stage started <<<<<<]
[2023-10-08 17:30:21,835: INFO: common: yaml file: config/config.yaml loaded successfully]
[2023-10-08 17:30:21,838: INFO: common: yaml file: params.yaml loaded successfully]
[2023-10-08 17:30:21,838: INFO: common: created directory at: artifacts]
[2023-10-08 17:30:21,839: INFO: common: created directory at: artifacts/data_ingestion]
[2023-10-08 17:30:21,839: INFO: data_ingestion: Downloading data from https://drive.google.com/file/d/1-3ah3hjSoptjhsfE0FHUkGHdLdGvdLkb/view?usp=sharing into file artifacts/data_ingestion/data.zip]
[2023-10-08 17:30:29,486: INFO: data_ingestion: Downloading data from https://drive.google.com/file/d/1-3ah3hjSoptjhsfE0FHUkGHdLdGvdLkb/view?usp=sharing into file artifacts/data_ingestion/data.zip]
[2023-10-08 17:30:30,806: INFO: main: >>>>>> stage Data_Ingestion_stage completed <<<<<<

x=============x]
[2023-10-08 17:30:30,806: INFO: main: >>>>>> stage Novel base model started <<<<<<]
[2023-10-08 17:30:30,809: INFO: common: yaml file: config/config.yaml loaded successfully]
[2023-10-08 17:30:30,812: INFO: common: yaml file: params.yaml loaded successfully]
[2023-10-08 17:30:30,813: INFO: common: created directory at: artifacts]
[2023-10-08 17:30:30,813: INFO: common: created directory at: artifacts/prepare_base_model]
[2023-10-08 17:30:31,308: WARNING: saving_utils: Compiled the loaded model, but the compiled metrics have yet to be built. `model.compile_metrics` will be empty until you train or evaluate the model.]
[2023-10-08 17:30:31,511: INFO: main: >>>>>> stage Novel base model completed <<<<<<

x=============x]
[2023-10-08 17:35:56,336: INFO: main: >>>>>> stage Data_Ingestion_stage started <<<<<<]
[2023-10-08 17:35:56,339: INFO: common: yaml file: config/config.yaml loaded successfully]
[2023-10-08 17:35:56,341: INFO: common: yaml file: params.yaml loaded successfully]
[2023-10-08 17:35:56,342: INFO: common: created directory at: artifacts]
[2023-10-08 17:35:56,342: INFO: common: created directory at: artifacts/data_ingestion]
[2023-10-08 17:35:56,342: INFO: data_ingestion: Downloading data from https://drive.google.com/file/d/1-3ah3hjSoptjhsfE0FHUkGHdLdGvdLkb/view?usp=sharing into file artifacts/data_ingestion/data.zip]
[2023-10-08 17:36:05,357: INFO: data_ingestion: Downloading data from https://drive.google.com/file/d/1-3ah3hjSoptjhsfE0FHUkGHdLdGvdLkb/view?usp=sharing into file artifacts/data_ingestion/data.zip]
[2023-10-08 17:36:06,831: INFO: main: >>>>>> stage Data_Ingestion_stage completed <<<<<<

x=============x]
[2023-10-08 17:36:06,831: INFO: main: >>>>>> stage Novel base model started <<<<<<]
[2023-10-08 17:36:06,835: INFO: common: yaml file: config/config.yaml loaded successfully]
[2023-10-08 17:36:06,838: INFO: common: yaml file: params.yaml loaded successfully]
[2023-10-08 17:36:06,838: INFO: common: created directory at: artifacts]
[2023-10-08 17:36:06,838: INFO: common: created directory at: artifacts/prepare_base_model]
[2023-10-08 17:36:07,426: WARNING: saving_utils: Compiled the loaded model, but the compiled metrics have yet to be built. `model.compile_metrics` will be empty until you train or evaluate the model.]
[2023-10-08 17:36:07,763: INFO: main: >>>>>> stage Novel base model completed <<<<<<

x=============x]
